bevy
e
a
u
t
i
e
s

 b
bevy
 a
 u
 t
 i
 e
 s

 b
 e
 a
 u
 t
 i
bevy
 s

f
o
x
e
skulk

r
o
a
c
h
encroachment
s

  r
  o
  a
encroachment
  h
  e
  s

encroachment
   o
   a
   c
   h
   e
   s

    r
encroachment
    a
    c
    h
    e
    s

     r
     o
encroachment
     c
     h
     e
     s

      r
      o
      a
encroachment
      h
      e
      s

       r
       o
       a
       c
encroachment
       e
       s

         r
         o
         a
         c
         h
encroachment
         s

  l
pride
  o
  n
  s

