move disc 1 from a to b
move disc 2 from a to c
move disc 1 from b to c
move disc 3 from a to b
move disc 1 from c to a
move disc 2 from c to b
move disc 1 from a to b
move disc 4 from a to c
move disc 1 from b to c
move disc 2 from b to a
move disc 1 from c to a
move disc 3 from b to c
move disc 1 from a to b
move disc 2 from a to c
move disc 1 from b to c
move disc 5 from a to b
move disc 1 from c to a
move disc 2 from c to b
move disc 1 from a to b
move disc 3 from c to a
move disc 1 from b to c
move disc 2 from b to a
move disc 1 from c to a
move disc 4 from c to b
move disc 1 from a to b
move disc 2 from a to c
move disc 1 from b to c
move disc 3 from a to b
move disc 1 from c to a
move disc 2 from c to b
move disc 1 from a to b
