Word frequency in wordcnt.sm:

A                                                     1
Frequencies                                           1
Note                                                  1
The                                                   1
This                                                  1
Word                                                  1
a                                                     1
abcdefghijklmnopqrstuvwxyzABCDEFGHIJKLMNOPQRSTUVWXYZ  1
all                                                   1
and                                                   1
are                                                   1
as                                                    1
automatically                                         1
break                                                 1
by                                                    1
can                                                   1
case                                                  1
const                                                 1
counts                                                2
current                                               5
data                                                  3
defined                                               1
delivered                                             1
do                                                    4
else                                                  1
extract                                               4
extracts                                              1
fails                                                 1
far                                                   1
fi                                                    2
file                                                  6
files                                                 3
for                                                   3
freq                                                  10
frequency                                             2
frequncy                                              1
function                                              1
get                                                   1
given                                                 1
how                                                   1
if                                                    2
in                                                    7
index                                                 2
is                                                    2
keys                                                  1
left                                                  1
letters                                               4
line                                                  7
lower                                                 1
maximal                                               2
n                                                     4
occurrence                                            1
od                                                    4
of                                                    3
open                                                  1
or                                                    1
printab                                               1
prints                                                1
printtab                                              3
proc                                                  2
program                                               2
put                                                   3
r                                                     1
registrated                                           1
return                                                1
rof                                                   1
scan                                                  1
sequence                                              1
size                                                  2
so                                                    1
sorts                                                 1
span                                                  1
t                                                     1
table                                                 4
the                                                   4
then                                                  2
upper                                                 1
value                                                 1
var                                                   5
while                                                 2
width                                                 12
with                                                  1
word                                                  13
wordcount                                             1
words                                                 5
Word frequency in ack.sm:

ackermann  5
do         2
elif       1
else       1
fi         1
for        2
i          4
if         1
in         2
interval   2
j          4
m          5
main       1
n          5
od         2
proc       1
program    1
put        1
return     3
then       2
var        2
